0 info it worked if it ends with ok
1 verbose cli [ '/usr/bin/nodejs', '/usr/bin/npm', 'install', 'v10' ]
2 info using npm@1.3.10
3 info using node@v0.10.25
4 warn package.json copy-descriptor@0.1.1 No README data
5 warn package.json get-value@2.0.6 No README data
6 warn package.json object-copy@0.1.0 No README data
7 warn package.json static-extend@0.1.2 No README data
8 warn package.json for-each-property@0.0.4 No repository field.
9 warn package.json for-each-property-deep@0.0.3 No repository field.
10 warn package.json inspect-property@0.0.6 No repository field.
11 warn package.json inspect-parameters-declaration@0.0.9 No repository field.
12 warn package.json inspect-function@0.2.2 No repository field.
13 warn package.json object-to-arguments@0.0.8 No repository field.
14 warn package.json split-skip@0.0.2 No repository field.
15 warn package.json stringify-parameters@0.0.4 No repository field.
16 warn package.json unpack-string@0.0.2 No repository field.
17 verbose readDependencies using package.json deps
18 verbose cache add [ 'v10', null ]
19 verbose cache add name=undefined spec="v10" args=["v10",null]
20 verbose parsed url { protocol: null,
20 verbose parsed url   slashes: null,
20 verbose parsed url   auth: null,
20 verbose parsed url   host: null,
20 verbose parsed url   port: null,
20 verbose parsed url   hostname: null,
20 verbose parsed url   hash: null,
20 verbose parsed url   search: null,
20 verbose parsed url   query: null,
20 verbose parsed url   pathname: 'v10',
20 verbose parsed url   path: 'v10',
20 verbose parsed url   href: 'v10' }
21 silly lockFile 85a03bae-v10 v10
22 verbose lock v10 /home/rafa/.npm/85a03bae-v10.lock
23 silly lockFile 85a03bae-v10 v10
24 silly lockFile 85a03bae-v10 v10
25 verbose addNamed [ 'v10', '' ]
26 verbose addNamed [ null, '*' ]
27 silly lockFile 0c33c6cf-v10 v10@
28 verbose lock v10@ /home/rafa/.npm/0c33c6cf-v10.lock
29 silly addNameRange { name: 'v10', range: '*', hasData: false }
30 verbose url raw v10
31 verbose url resolving [ 'https://registry.npmjs.org/', './v10' ]
32 verbose url resolved https://registry.npmjs.org/v10
33 info trying registry request attempt 1 at 17:54:27
34 http GET https://registry.npmjs.org/v10
35 info retry will retry, error on last attempt: Error: CERT_UNTRUSTED
36 info trying registry request attempt 2 at 17:54:37
37 http GET https://registry.npmjs.org/v10
38 info retry will retry, error on last attempt: Error: CERT_UNTRUSTED
39 info trying registry request attempt 3 at 17:55:37
40 http GET https://registry.npmjs.org/v10
41 silly lockFile 0c33c6cf-v10 v10@
42 silly lockFile 0c33c6cf-v10 v10@
43 error Error: CERT_UNTRUSTED
43 error     at SecurePair.<anonymous> (tls.js:1370:32)
43 error     at SecurePair.EventEmitter.emit (events.js:92:17)
43 error     at SecurePair.maybeInitFinished (tls.js:982:10)
43 error     at CleartextStream.read [as _read] (tls.js:469:13)
43 error     at CleartextStream.Readable.read (_stream_readable.js:320:10)
43 error     at EncryptedStream.write [as _write] (tls.js:366:25)
43 error     at doWrite (_stream_writable.js:223:10)
43 error     at writeOrBuffer (_stream_writable.js:213:5)
43 error     at EncryptedStream.Writable.write (_stream_writable.js:180:11)
43 error     at write (_stream_readable.js:583:24)
44 error If you need help, you may report this log at:
44 error     <http://github.com/isaacs/npm/issues>
44 error or email it to:
44 error     <npm-@googlegroups.com>
45 error System Linux 4.4.0-148-generic
46 error command "/usr/bin/nodejs" "/usr/bin/npm" "install" "v10"
47 error cwd /home/rafa/dws
48 error node -v v0.10.25
49 error npm -v 1.3.10
50 verbose exit [ 1, true ]
